-------- Log file system.log -------

Executable: vplanet
Version: 99a3c82e5e67c19c9f0325bb7edd468583b64a38
System Name: system
Primary Input File: vpl.in
Body File #1: a.in
Allow files to be overwitten: Yes
Mass Units: Kilograms
Length Units: Meters
Time Units: Seconds
Angle Units: Radians

------- FORMATTING -----
Verbosity Level: 5
Crossover Decade for Scientific Notation: 4
Number of Digits After Decimal: 6
Integration Method: Runge-Kutta4
Direction: Forward
Time Step: 3.155760e+07
Stop Time: 1.577880e+17
Output Interval: 3.155760e+13
Use Variable Timestep: Yes
dEta: 0.010000
Minimum Value of ecc and obl: 1.000000e-10


---- INITIAL SYSTEM PROPERTIES ----
(Age) System Age [sec]: 1.577880e+14 
(Time) Simulation Time [sec]: 0.000000 
(TotAngMom) Total Angular Momentum [kgm^2/s]: 4.616916e+43 
(TotEnergy) Total System Energy [ergs]: -2.323957e+41 
(PotEnergy) Body's non-orbital Potential Energy [kg*m^2/sec^2]: -2.340744e+41 
(KinEnergy) Body's non-orbital Kinetic Energy [kg*m^2/sec^2]: 1.678758e+39 
(DeltaTime) Average Timestep Over Last Output Interval [sec]: inf 
(Density) Average Density [kg/m^3]: 7248.207263 
(LongP) Body's Longitude of pericenter [rad]: 3.926991 
(LXUVTot) Total XUV Luminosity [LSUN]: 0.001129 

----- BODY: a ----
Active Modules: STELLAR
Module Bit Sum: 65
Color: 000000
(Mass) Mass [kg]: 2.584941e+30 
(Radius) Radius [Solar]: 1.643164 
(RadGyra) Radius of Gyration []: 0.433526 
(RotAngMom) Rotational Angular Momentum [kg*m^2/sec]: 4.616916e+43 
(RotVel) Rotational Velocity [m/sec]: 8.313215e+04 
(BodyType) Type of Body (0 == planet) []: 0.000000 
(RotRate) Rotational Frequency [/sec]: 7.272205e-05 
(RotPer) Rotational Period [days]: 1.000000 
(HZLimitDryRunaway) Semi-major axis of Dry Runaway HZ Limit [m]: -1.000000 
(Instellation) Orbit-averaged INcident STELLar radiATION [kg*m^2/sec^2/(m^2*sec)]: -1.000000 
(CriticalSemiMajorAxis) Holman & Wiegert (1999) P-type Critical Semi-major Axis [m]: -1.000000 
(LostEnergy) Body's Total Lost Energy [kg*m^2/sec^2]: 5.562685e-309 
(LostAngMom) Lost Angular Momentum due to Magnetic Braking [kg*m^2/sec]: 5.562685e-309 
----- STELLAR PARAMETERS (a)------
(Luminosity) Luminosity [LSUN]: 1.129440 
(LXUVStellar) Base X-ray/XUV Luminosity [kg*m^2/sec^3]: 4.343828e+23 
(Temperature) Effective Temperature [K]: 4644.081362 
(LXUVFrac) X-ray/XUV Luminosity Fraction []: 0.001000 
(RossbyNumber) Rossby Number []: 0.034495 
(DRotPerDtStellar) Time Rate of Change of Rotation Period in STELLAR []: -1.933541e-10 
(HZLimRecVenus) Recent Venus Habitable Zone Limit [m]: 1.242898e+11 
(HZLimRunaway) Runaway Greenhouse Habitable Zone Limit [m]: 1.648532e+11 
(HZLimMoistGreenhouse) Moist Greenhouse Habitable Zone Limit [m]: 1.644551e+11 
(HZLimMaxGreenhouse) Maximum Greenhouse Habitable Zone Limit [m]: 2.939406e+11 
(HZLimEarlyMars) Early Mars Habitable Zone Limit [m]: 3.206495e+11 
Output Order: Time[year] TotEnergy[ergs] TotAngMom[kgm^2/s] Luminosity[LSUN] Radius[Solar] Temperature[K] RotPer[days] LXUVTot[LSUN] RadGyra[]
Grid Output Order:
