-------- Log file gl581.log -------

Executable: .././vplanet
System Name: gl581
Primary Input File: vpl.in
Body File #1: gl581.in
Body File #2: d.in
Allow files to be overwitten: Yes
Mass Units: Grams
Length Units: Centimeters
Time Units: Seconds
Angle Units: Radians

------- FORMATTING -----
Verbosity Level: 3
Crossover Decade for Scientific Notation: 4
Number of Digits After Decimal: 6
Integration Method: Runge-Kutta4
Direction: Forward
Time Step: 3.155760e+07
Stop Time: 1.420092e+17
Output Interval: 3.155760e+13
Use Variable Timestep: Yes
dEta: 0.100000
Minimum Value of ecc and obl: 1.000000e-10


---- INITIAL SYSTEM PROPERTIES ----
(Age) System Age [sec]: 0.000000 
(Time) Simulation Time [sec]: 0.000000 
(TotAngMom) Total Angular Momentum [kg*m^2/sec]: 4.073491e+40 
(TotEnergy) Total Energy [kg*m^2/sec^2]: -7.535393e+40 
(PotEnergy) Total Potential Energy [kg*m^2/sec^2]: -7.535395e+40 
(KinEnergy) Total Kinetic Energy [kg*m^2/sec^2]: 2.293080e+34 
(DeltaTime) Average Timestep Over Last Output Interval [sec]: 0.000000 

----- BODY: star ----
(Mass) Mass [kg]: 6.165652e+29 
(Obliquity) Obliquity [rad]: 0.000000 
(Radius) Radius [m]: 2.019573e+08 
(RotAngMom) Rotational Angular Momentum [kg*m^2/sec]: 4.853586e+39 
(RotKinEnergy) Rotational Energy [kg*m^2/sec^2]: 1.873515e+33 
(RotVel) Rotational Velocity [m/sec]: 155.913642 
(RotRate) Rotational Frequency [/sec]: 7.720129e-07 
(RotPer) Rotational Period [sec]: 8.138705e+06 
(SurfEnFluxTotal) Total Surface Energy Flux [kg*m^2/sec^2/(m^2*sec)]: -4.568740e-10 
(Eccentricity) Orbital Eccentricity []: -1.000000 
(OrbEnergy) Orbital Energy [kg*m^2/sec^2]: -2.105500e+34 
(MeanMotion) Orbital Mean Motion [/sec]: -1.000000 
(OrbPeriod) Orbital Period [sec]: -1.000000 
(SemiMajorAxis) Semi-major Axis [m]: -1.000000 
(OrbAngMom) Orbital Angular Momentum [kg*m^2/sec]: 3.588126e+40 
(OrbKinEnergy) Orbital Kinetic Energy [kg*m^2/sec^2]: -1.000000 
(OrbPotEnergy) Orbital Potential Energy [kg*m^2/sec^2]: -1.000000 
(OrbEnergy) Orbital Energy [kg*m^2/sec^2]: -2.105500e+34 
----- EQTIDE PARAMETERS (star)------
(BodyDsemiDtEqtide) Body's Contribution to dSemi/dt in EQTIDE [m/sec]: -1.000000 
(BodyDeccDt) Body's Contribution to dEcc/dt in EQTIDE [/sec]: -1.000000 
(DOblDtEqtide) Time Rate of Change of Obliquity in EQTIDE [rad/sec]: 0.000000 
(DRotPerDtEqtide) Time Rate of Change of Rotation Period in EQTIDE []: -3.113205e-20 
(DRotRateDtEqtide) Time Rate of Change of Rotational Frequency in EQTIDE [/sec^2]: 2.953092e-33 
(EqRotRateDiscrete) CPL2 Discrete Equilibrium Spin Rate [/sec]: 1.628337e-06 
(EqRotPerDiscrete) CPL2 Discrete Equilibrium Spin Period [sec]: 1.982822e+08 
(EqRotRateCont) CPL2 Continuous Equilibrium Spin Rate [/sec]: 2.574726e-06 
(EqRotPerCont) CPL2 Continuous Equilibrium Rotation Period [sec]: 1.982822e+08 
(EqRotPer) Equilibrium Rotation Period [sec]: 1.982822e+08 
(EqRotRate) Equilibrium Rotation Rate [/sec]: 1.628337e-06 
(GammaRot) Gamma_Rotation [cgs]: 0.000000 
(GammaOrb) Gamma_Orbital [cgs]: 0.000000 
(ImK2) Im(k_2) []: 8.970000e-07 
(TidalQ) Tidal Q []: 1.000000e+06 
(TideLock) Tidally Locked? []: 0.000000 
(RotTimeEqtide) Timescale for Rotational Evolution in EQTIDE [sec]: 2.614253e+26 
(OblTimeEqtide) Timescale for Obliquity Evolution in EQTIDE [sec]: nan 
(PowerEqtide) Internal Power due to Tides in EQTIDE [kg*m^2/sec^3]: -2.341669e+08 
(SurfEnFluxEqtide) Surface Energy Flux due to Tides in EQTIDE [kg*m^2/sec^2/(m^2*sec)]: -4.568740e-10 
Tidal Perturbers: d
Output Order: Time[year] ImK2[year]

----- BODY: d ----
(Mass) Mass [kg]: 3.345552e+25 
(Obliquity) Obliquity [rad]: 0.410152 
(Radius) Radius [m]: 1.015394e+07 
(RotAngMom) Rotational Angular Momentum [kg*m^2/sec]: 6.271085e+34 
(RotKinEnergy) Rotational Energy [kg*m^2/sec^2]: 2.280231e+30 
(RotVel) Rotational Velocity [m/sec]: 738.415005 
(RotRate) Rotational Frequency [/sec]: 7.272205e-05 
(RotPer) Rotational Period [days]: 1.000000 
(SurfEnFluxTotal) Total Surface Energy Flux [kg*m^2/sec^2/(m^2*sec)]: 1.157807 
(Eccentricity) Orbital Eccentricity []: 0.380000 
(OrbEnergy) Orbital Energy [kg*m^2/sec^2]: -2.105500e+34 
(MeanMotion) Orbital Mean Motion [/sec]: 1.085558e-06 
(OrbPeriod) Orbital Period [sec]: 5.787979e+06 
(SemiMajorAxis) Semi-major Axis [m]: 3.268268e+10 
(OrbAngMom) Orbital Angular Momentum [kg*m^2/sec]: 3.588126e+40 
(OrbKinEnergy) Orbital Kinetic Energy [kg*m^2/sec^2]: 2.105500e+34 
(OrbPotEnergy) Orbital Potential Energy [kg*m^2/sec^2]: -4.211000e+34 
(OrbEnergy) Orbital Energy [kg*m^2/sec^2]: -2.105500e+34 
----- EQTIDE PARAMETERS (d)------
(BodyDsemiDtEqtide) Body's Contribution to dSemi/dt in EQTIDE [m/sec]: -1.000000 
(BodyDeccDt) Body's Contribution to dEcc/dt in EQTIDE [/sec]: -1.000000 
(DOblDtEqtide) Time Rate of Change of Obliquity in EQTIDE [rad/sec]: 3.213803e-17 
(DRotPerDtEqtide) Time Rate of Change of Rotation Period in EQTIDE []: 2.901037e-11 
(DRotRateDtEqtide) Time Rate of Change of Rotational Frequency in EQTIDE [/sec^2]: -2.441775e-20 
(EqRotRateDiscrete) CPL2 Discrete Equilibrium Spin Rate [/sec]: 1.628337e-06 
(EqRotPerDiscrete) CPL2 Discrete Equilibrium Spin Period [sec]: 3.858653e+06 
(EqRotRateCont) CPL2 Continuous Equilibrium Spin Rate [/sec]: 2.574726e-06 
(EqRotPerCont) CPL2 Continuous Equilibrium Rotation Period [sec]: 2.440332e+06 
(EqRotPer) Equilibrium Rotation Period [sec]: 3.858653e+06 
(EqRotRate) Equilibrium Rotation Rate [/sec]: 1.628337e-06 
(GammaRot) Gamma_Rotation [cgs]: 8.332000 
(GammaOrb) Gamma_Orbital [cgs]: 11.364400 
(ImK2) Im(k_2) []: 0.009000 
(TidalQ) Tidal Q []: 100.000000 
(TideLock) Tidally Locked? []: 0.000000 
(RotTimeEqtide) Timescale for Rotational Evolution in EQTIDE [sec]: 2.978245e+15 
(OblTimeEqtide) Timescale for Obliquity Evolution in EQTIDE [sec]: 1.276221e+16 
(PowerEqtide) Internal Power due to Tides in EQTIDE [kg*m^2/sec^3]: 1.500081e+15 
(SurfEnFluxEqtide) Surface Energy Flux due to Tides in EQTIDE [W/m^2]: 1.157807 
Tidal Perturbers: star
Output Order: Time[year] SemiMajorAxis[AU] Eccentricity[] Obliquity[deg] RotPer[days] SurfEnFluxEqtide[W/m^2] DRotPerDtEqtide[W/m^2] ImK2[W/m^2]



---- FINAL SYSTEM PROPERTIES ----
(Age) System Age [sec]: 1.420092e+17 
(Time) Simulation Time [sec]: 1.420092e+17 
(TotAngMom) Total Angular Momentum [kg*m^2/sec]: 4.073534e+40 
(TotEnergy) Total Energy [kg*m^2/sec^2]: -7.535393e+40 
(PotEnergy) Total Potential Energy [kg*m^2/sec^2]: -7.535395e+40 
(KinEnergy) Total Kinetic Energy [kg*m^2/sec^2]: 2.292814e+34 
(DeltaTime) Average Timestep Over Last Output Interval [sec]: inf 

----- BODY: star ----
(Mass) Mass [kg]: 6.165652e+29 
(Obliquity) Obliquity [rad]: 0.000000 
(Radius) Radius [m]: 2.019573e+08 
(RotAngMom) Rotational Angular Momentum [kg*m^2/sec]: 4.853586e+39 
(RotKinEnergy) Rotational Energy [kg*m^2/sec^2]: 1.873515e+33 
(RotVel) Rotational Velocity [m/sec]: 155.913642 
(RotRate) Rotational Frequency [/sec]: 7.720129e-07 
(RotPer) Rotational Period [sec]: 8.138705e+06 
(SurfEnFluxTotal) Total Surface Energy Flux [kg*m^2/sec^2/(m^2*sec)]: -4.568130e-10 
(Eccentricity) Orbital Eccentricity []: -1.000000 
(OrbEnergy) Orbital Energy [kg*m^2/sec^2]: -2.105462e+34 
(MeanMotion) Orbital Mean Motion [/sec]: -1.000000 
(OrbPeriod) Orbital Period [sec]: -1.000000 
(SemiMajorAxis) Semi-major Axis [m]: -1.000000 
(OrbAngMom) Orbital Angular Momentum [kg*m^2/sec]: 3.588175e+40 
(OrbKinEnergy) Orbital Kinetic Energy [kg*m^2/sec^2]: -1.000000 
(OrbPotEnergy) Orbital Potential Energy [kg*m^2/sec^2]: -1.000000 
(OrbEnergy) Orbital Energy [kg*m^2/sec^2]: -2.105462e+34 
----- EQTIDE PARAMETERS (star)------
(BodyDsemiDtEqtide) Body's Contribution to dSemi/dt in EQTIDE [m/sec]: -1.000000 
(BodyDeccDt) Body's Contribution to dEcc/dt in EQTIDE [/sec]: -1.000000 
(DOblDtEqtide) Time Rate of Change of Obliquity in EQTIDE [rad/sec]: 0.000000 
(DRotPerDtEqtide) Time Rate of Change of Rotation Period in EQTIDE []: -3.112786e-20 
(DRotRateDtEqtide) Time Rate of Change of Rotational Frequency in EQTIDE [/sec^2]: 2.952694e-33 
(EqRotRateDiscrete) CPL2 Discrete Equilibrium Spin Rate [/sec]: 1.628293e-06 
(EqRotPerDiscrete) CPL2 Discrete Equilibrium Spin Period [sec]: 1.982822e+08 
(EqRotRateCont) CPL2 Continuous Equilibrium Spin Rate [/sec]: 2.574574e-06 
(EqRotPerCont) CPL2 Continuous Equilibrium Rotation Period [sec]: 1.982822e+08 
(EqRotPer) Equilibrium Rotation Period [sec]: 1.982822e+08 
(EqRotRate) Equilibrium Rotation Rate [/sec]: 1.628293e-06 
(GammaRot) Gamma_Rotation [cgs]: 0.000000 
(GammaOrb) Gamma_Orbital [cgs]: 0.000000 
(ImK2) Im(k_2) []: 8.970000e-07 
(TidalQ) Tidal Q []: 1.000000e+06 
(TideLock) Tidally Locked? []: 0.000000 
(RotTimeEqtide) Timescale for Rotational Evolution in EQTIDE [sec]: 2.614605e+26 
(OblTimeEqtide) Timescale for Obliquity Evolution in EQTIDE [sec]: nan 
(PowerEqtide) Internal Power due to Tides in EQTIDE [kg*m^2/sec^3]: -2.341356e+08 
(SurfEnFluxEqtide) Surface Energy Flux due to Tides in EQTIDE [kg*m^2/sec^2/(m^2*sec)]: -4.568130e-10 
Tidal Perturbers: d
Output Order: Time[year] ImK2[year]

----- BODY: d ----
(Mass) Mass [kg]: 3.345552e+25 
(Obliquity) Obliquity [rad]: 0.000000 
(Radius) Radius [m]: 1.015394e+07 
(RotAngMom) Rotational Angular Momentum [kg*m^2/sec]: 1.404136e+33 
(RotKinEnergy) Rotational Energy [kg*m^2/sec^2]: 1.143172e+27 
(RotVel) Rotational Velocity [m/sec]: 16.533582 
(RotRate) Rotational Frequency [/sec]: 1.628293e-06 
(RotPer) Rotational Period [days]: 44.661527 
(SurfEnFluxTotal) Total Surface Energy Flux [kg*m^2/sec^2/(m^2*sec)]: 0.002400 
(Eccentricity) Orbital Eccentricity []: 0.379989 
(OrbEnergy) Orbital Energy [kg*m^2/sec^2]: -2.105462e+34 
(MeanMotion) Orbital Mean Motion [/sec]: 1.085529e-06 
(OrbPeriod) Orbital Period [sec]: 5.788134e+06 
(SemiMajorAxis) Semi-major Axis [m]: 3.268326e+10 
(OrbAngMom) Orbital Angular Momentum [kg*m^2/sec]: 3.588175e+40 
(OrbKinEnergy) Orbital Kinetic Energy [kg*m^2/sec^2]: 2.105462e+34 
(OrbPotEnergy) Orbital Potential Energy [kg*m^2/sec^2]: -4.210925e+34 
(OrbEnergy) Orbital Energy [kg*m^2/sec^2]: -2.105462e+34 
----- EQTIDE PARAMETERS (d)------
(BodyDsemiDtEqtide) Body's Contribution to dSemi/dt in EQTIDE [m/sec]: -1.000000 
(BodyDeccDt) Body's Contribution to dEcc/dt in EQTIDE [/sec]: -1.000000 
(DOblDtEqtide) Time Rate of Change of Obliquity in EQTIDE [rad/sec]: 0.000000 
(DRotPerDtEqtide) Time Rate of Change of Rotation Period in EQTIDE []: 5.785773e-08 
(DRotRateDtEqtide) Time Rate of Change of Rotational Frequency in EQTIDE [/sec^2]: -2.441443e-20 
(EqRotRateDiscrete) CPL2 Discrete Equilibrium Spin Rate [/sec]: 1.628293e-06 
(EqRotPerDiscrete) CPL2 Discrete Equilibrium Spin Period [sec]: 3.858756e+06 
(EqRotRateCont) CPL2 Continuous Equilibrium Spin Rate [/sec]: 2.574574e-06 
(EqRotPerCont) CPL2 Continuous Equilibrium Rotation Period [sec]: 2.440475e+06 
(EqRotPer) Equilibrium Rotation Period [sec]: 3.858756e+06 
(EqRotRate) Equilibrium Rotation Rate [/sec]: 1.628293e-06 
(GammaRot) Gamma_Rotation [cgs]: 8.331760 
(GammaOrb) Gamma_Orbital [cgs]: 11.363992 
(ImK2) Im(k_2) []: 0.009000 
(TidalQ) Tidal Q []: 100.000000 
(TideLock) Tidally Locked? []: 1.000000 
(RotTimeEqtide) Timescale for Rotational Evolution in EQTIDE [sec]: 6.669386e+13 
(OblTimeEqtide) Timescale for Obliquity Evolution in EQTIDE [sec]: nan 
(PowerEqtide) Internal Power due to Tides in EQTIDE [kg*m^2/sec^3]: 3.109611e+12 
(SurfEnFluxEqtide) Surface Energy Flux due to Tides in EQTIDE [W/m^2]: 0.002400 
Tidal Perturbers: star
Output Order: Time[year] SemiMajorAxis[AU] Eccentricity[] Obliquity[deg] RotPer[days] SurfEnFluxEqtide[W/m^2] DRotPerDtEqtide[W/m^2] ImK2[W/m^2]
