-------- Log file sun.log -------

Executable: vplanet
System Name: sun
Primary Input File: vpl.in
Body File #1: test.in
Allow files to be overwitten: Yes
Mass Units: Kilograms
Length Units: Meters
Time Units: Seconds
Angle Units: Radians

------- FORMATTING -----
Verbosity Level: 5
Crossover Decade for Scientific Notation: 4
Number of Digits After Decimal: 6
Integration Method: Runge-Kutta4
Direction: Forward
Time Step: 3.155760e+07
Stop Time: 1.420092e+17
Output Interval: 3.155760e+13
Use Variable Timestep: Yes
dEta: 0.100000
Minimum Value of ecc and obl: 1.000000e-10


---- INITIAL SYSTEM PROPERTIES ----
(Age) System Age [sec]: 0.000000 
(Time) Simulation Time [Gyr]: 0.000000 
(TotAngMom) Total Angular Momentum [kg*m^2/sec]: 4.416946e+33 
(TotEnergy) Total Energy [kg*m^2/sec^2]: -nan 
(PotEnergy) Total Potential Energy [kg*m^2/sec^2]: -nan 
(KinEnergy) Total Kinetic Energy [kg*m^2/sec^2]: inf 
(DeltaTime) Average Timestep Over Last Output Interval [sec]: 0.000000 
(LongP) Body's Longitude of pericenter [rad]: 3.926991 
(LXUVTot) Total XUV Luminosity [kg*m^2/sec^2/(m^2*sec)]: -1.000000 

----- BODY: test#test ----
Active Modules: RADHEAT THERMINT 
Module Bit Sum: 133
Color: 000000
(Mass) Mass [kg]: 5.972186e+24 
(Obliquity) Obliquity [rad]: 2.186276 
(PrecA) Body's precession angle [rad]: 3.926991 
(Xobl) Body's sin(obl)*cos(pA) []: -1.000000 
(Yobl) Body's sin(obl)*sin(pA) []: -1.000000 
(Zobl) Body's cos(obl) []: -1.000000 
(Radius) Radius [m]: 6.378100e+06 
(RotAngMom) Rotational Angular Momentum [kg*m^2/sec]: 4.416946e+33 
(RotKinEnergy) Rotational Energy [kg*m^2/sec^2]: 1.606047e+29 
(RotVel) Rotational Velocity [m/sec]: 463.828521 
(BodyType) Type of Body (0 == planet) []: -1.000000 
(RotRate) Rotational Frequency [/sec]: 7.272205e-05 
(RotPer) Rotational Period [sec]: 8.640000e+04 
(SurfEnFluxTotal) Total Surface Energy Flux [kg*m^2/sec^2/(m^2*sec)]: 0.334345 
(HEcc) Poincare's h (=e*sin(varpi) []: -1.000000 
(HZLimitDryRunaway) Semi-major axis of Dry Runaway HZ Limit [m]: 0.000000 
(KEcc) Poincare's k (=e*cos(varpi) []: -1.000000 
(Eccentricity) Orbital Eccentricity []: -1.000000 
(OrbEnergy) Orbital Energy [kg*m^2/sec^2]: -nan 
(MeanMotion) Orbital Mean Motion [/sec]: -1.000000 
(OrbPeriod) Orbital Period [sec]: -1.000000 
(SemiMajorAxis) Semi-major Axis [m]: -1.000000 
(OrbAngMom) Orbital Angular Momentum [kg*m^2/sec]: 0.000000 
(ArgP) Body's argument of pericenter [rad]: 0.000000 
(OrbKinEnergy) Orbital Kinetic Energy [kg*m^2/sec^2]: -1.000000 
(OrbPotEnergy) Orbital Potential Energy [kg*m^2/sec^2]: -1.000000 
(OrbEnergy) Orbital Energy [kg*m^2/sec^2]: -nan 
----- RADHEAT PARAMETERS (test#test)------
(26AlPowerMan) Total Power Generated by 26Al [kg*m^2/sec^3]: -0.000000 
(26AlPowerCore) Core Power Generated by 26Al [kg*m^2/sec^3]: -0.000000 
(26AlEnFlux) Surface Energy Flux from 26Al [kg*m^2/sec^2/(m^2*sec)]: 0.159831 
(D26AlPowerDt) Time Rate of Change of 26Al Power Generation []: -1.000000 
(D26AlNumManDt) Time Rate of Change of 26Al Heat Generation [/sec]: 0.000000 
(26AlMassMan) Mass of Mantle in 26Al [kg]: 0.000000 
(26AlMassCore) Mass of core in 26Al [kg]: 0.000000 
(26AlNumMan) Total Number of 26Al Atoms []: 0.000000 
(26AlNumCore) Total Core Number of 26Al Atoms []: 0.000000 
(26AlTimescale) Timescale for 26Al Power Generation []: -1.000000 
(40KPowerMan) Total Power Generated by 40K [kg*m^2/sec^3]: 3.298925e+13 
(40KPowerCore) Core Power Generated by 40K [kg*m^2/sec^3]: 3.483061e+13 
(40KEnFlux) Surface Energy Flux from 40K [kg*m^2/sec^2/(m^2*sec)]: 0.159831 
(D40KPowerDt) Time Rate of Change of 40K Power Generation []: -1.000000 
(D40KNumManDt) Time Rate of Change of 40K Heat Generation [/sec]: -1.546096e+26 
(40KMassMan) Total Mass of 40K [kg]: 5.885774e+17 
(40KMassCore) Total Core Mass of 40K [kg]: 6.214300e+17 
(40KNumMan) Total Number of 40K Atoms []: 8.869223e+42 
(40KNumCore) Total Core Number of 40K Atoms []: 9.364276e+42 
(40KTimescale) Timescale for 40K Power Generation []: -1.000000 
(40KPowerCrust) Crust Power Generated by 40K [kg*m^2/sec^3]: 1.388592e+13 
(40KMassCrust) Total Crust Mass of 40K [kg]: 2.477456e+17 
(40KNumCrust) Total Crust Number of 40K Atoms []: 3.733257e+42 
(232ThPowerMan) Total Power Generated by 232Th [kg*m^2/sec^3]: 5.923583e+12 
(232ThPowerCore) Total Power Generated by 232Th [kg*m^2/sec^3]: 4.931618e+10 
(232ThEnFlux) Surface Energy Flux from 232Th [kg*m^2/sec^2/(m^2*sec)]: 0.019176 
(D232ThNumManDt) Time Rate of Change of the number of 232Th nuclei [/sec]: -8.668311e+23 
(232ThMassMan) Total Mass of 232Th [kg]: 2.129320e+17 
(232ThMassCore) Total Mass of 232Th [kg]: 1.772743e+15 
(232ThNumMan) Total Number of 232Th Atoms []: 5.526284e+41 
(232ThNumCore) Total Number of 232Th Atoms []: 4.600851e+39 
(232ThTimescale) Timescale for 232Th Power Generation []: -1.000000 
(232ThPowerCrust) Total Power Generated by 232Th [kg*m^2/sec^3]: 3.829911e+12 
(232ThMassCrust) Total Mass of 232Th [kg]: 1.376718e+17 
(232ThNumCrust) Total Number of 232Th Atoms []: 3.573036e+41 
(238UPowerMan) Total Power Generated by 238U [kg*m^2/sec^3]: 1.062063e+13 
(238UPowerCore) Total Core Power Generated by 238U [kg*m^2/sec^3]: 7.168108e+10 
(238UEnFlux) Surface Energy Flux due to 238U [kg*m^2/sec^2/(m^2*sec)]: 0.031014 
(D238UNumManDt) Time Rate of Change of the Number of 238U Nuclei [/sec]: -1.282230e+24 
(238UMassMan) Total Mass of 238U [kg]: 1.031945e+17 
(238UMassCore) Total Core Mass of 238U [kg]: 6.964841e+14 
(238UNumMan) Total Number of 238U Atoms []: 2.610586e+41 
(238UNumCore) Total Core Number of 238U Atoms []: 1.761946e+39 
(238UTimescale) Timescale for 238U Power Generation []: -1.000000 
(238UPowerCrust) Total Crust Power Generated by 238U [kg*m^2/sec^3]: 5.162366e+12 
(238UMassCrust) Total Crust Mass of 238U [kg]: 5.015975e+16 
(238UNumCrust) Total Crust Number of 238U Atoms []: 1.268927e+41 
(235UPowerMan) Total Power Generated by 235U [kg*m^2/sec^3]: 1.842646e+13 
(235UPowerCore) Total Core Power Generated by 235U [kg*m^2/sec^3]: 1.442628e+11 
(235UEnFlux) Surface Energy Flux due to 235U [kg*m^2/sec^2/(m^2*sec)]: 0.056651 
(D235UNumManDt) Time Rate of Change of the Number of 235U Nuclei [/sec]: -2.810986e+24 
(235UMassMan) Total Mass of 235U [kg]: 3.514993e+16 
(235UMassCore) Total Core Mass of 235U [kg]: 2.751927e+14 
(235UNumMan) Total Number of 235U Atoms []: 9.005884e+40 
(235UNumCore) Total Core Number of 235U Atoms []: 7.050806e+38 
(235UTimescale) Timescale for 235U Power Generation []: -1.000000 
(235UPowerCrust) Total Crust Power Generated by 235U [kg*m^2/sec^3]: 1.038959e+13 
(235UMassCrust) Total Crust Mass of 235U [kg]: 1.981897e+16 
(235UNumCrust) Total Crust Number of 235U Atoms []: 5.077887e+40 
(RadPowerMan) Total Power Generated by Radiogenic Nuclides in the mantle [kg*m^2/sec^3]: 6.795992e+13 
(RadPowerCore) Total Power Generated by Radiogenic Nuclides in Core [kg*m^2/sec^3]: 3.509587e+13 
(RadPowerCrust) Total Power Generated by Radiogenic Nuclides in the crust [kg*m^2/sec^3]: 3.326779e+13 
(RadPowerTotal) Total Power Generated by Radiogenic Nuclides in Total (M+C) [kg*m^2/sec^3]: 1.219105e+14 
(SurfEnFluxRadTotal) Total Surface Heat Flux Generated by Radiogenic Nuclides [kg*m^2/sec^2/(m^2*sec)]: 0.238478 
----- THERMINT PARAMETERS (test#test)------
(TMan) Mantle Temperature []: 3000.000000 
(TUMan) Upper Mantle Temperature [K]: 2100.000000 
(TLMan) Lower Mantle Temperature []: 3900.000000 
(TCore) Core Temperature []: 6000.000000 
(TCMB) CMB Temperature [K]: 4800.000000 
(BLUMan) Boundary Layer Thickness Upper Mantle []: 2.552740e+04 
(BLLMan) Boundary Layer Thickness Lower Mantle []: 3.619274e+04 
(TJumpUMan) Upper Mantle Temperature Jump []: 1800.000000 
(TJumpLMan) Lower Mantle Temperature Jump []: 900.000000 
(SignTJumpUMan) Sign of Upper Mantle Temperature Jump []: 1.000000 
(SignTJumpLMan) Sign of Lower Mantle Temperature Jump []: 1.000000 
(ViscUMan) Upper Mantle Viscosity [m^2/s]: 9.502685e+15 
(ViscLMan) Lower Mantle Viscosity [m^2/sec]: 2.708265e+16 
(ShmodUMan) Shear Modulus Upper Mantle []: 5.659552e+11 
(FMeltUMan) Melt Fraction Upper Mantle []: 1.000000 
(FMeltLMan) Melt Fraction Lower Mantle []: 0.000000 
(MeltfactorUMan) Melt Factor Upper Mantle []: 1.925879e+07 
(MeltfactorLMan) Melt Factor Lower Mantle []: 1.000000 
(DepthMeltMan) Depth to base of UM Melt Region []: 1.437200e+06 
(TDepthMeltMan) Temp at base of UM Melt Region []: 2805.836529 
(TJumpMeltMan) Temp Jump across UM Melt Region []: 1787.236302 
(MeltMassFluxMan) Mantle Melt Mass Flux [kg/s]: 7.695473e+07 
(K2Man) Real Love Number k2 Mantle []: 0.000000 
(Imk2Man) Imaginary Love Number k2 Mantle []: 0.000000 
(ViscUManArr) Upper Mantle Arrhenius Viscosity [m^2/sec]: 9.502685e+15 
(RayleighMan) Mantle Rayleigh Number []: 2.873024e+08 
(ViscMMan) Average (mid) Mantle Viscosity [m^2/sec]: 9.502685e+16 
(TDotMan) Change in Mantle Temperature []: -1.285545e-14 
(TDotCore) Change in Core Temperature []: -1.844985e-15 
(HfluxUMan) Heat Flux Upper Mantle []: 0.296152 
(HflowUMan) Heat Flow Upper Mantle []: 1.510568e+14 
(HfluxLMan) Heat Flux Lower Mantle []: 0.248669 
(HflowLMan) Heat Flow Lower Mantle []: 3.786509e+13 
(HfluxCMB) Heat Flux Core-Mantle Boundary []: 0.248669 
(HflowCMB) Heat Flow Core-Mantle Boundary [TW]: 37.865087 
(HflowLatentMan) Latent Heat Flow Mantle []: 0.000000 
(HflowMeltMan) Melt Heat Flow Mantle []: 1.986089e+13 
(HflowLatentIC) Latent Heat Release at ICB []: 0.000000 
(PowerGravIC) Gravitational Power Release at ICB []: 0.000000 
(HflowSurf) Heat Flow Surface Total [TW]: 170.917720 
(HflowSecMan) Mantle Secular Heat Flow []: 6.509272e+13 
(HfluxCMBAd) Adiabatic Heat Flux Core-Mantle Boundary []: 0.000000 
(HfluxCMBConv) Super-Adiabatic (convective) Heat Flux Core-Mantle Boundary []: 0.248669 
(RIC) Inner Core Radius [km]: 0.000000 
(DRICDTCMB) d(R_ic)/d(T_cmb) []: 0.000000 
(RICDot) Inner Core growth rate []: -nan 
(ChiOC) Light Element Concentration in Outer Core []: 0.131424 
(ChiIC) Light Element Concentration in Inner Core []: 0.000000 
(ThermConductOC) Thermal Conductivity OC []: 120.000000 
(MassOC) Mass of Outer Core []: 1.911744e+24 
(MassIC) Mass of Inner Core []: 0.000000 
(MassChiOC) Mass of Chi in Outer Core []: 2.512483e+23 
(MassChiIC) Mass of Chi in Inner Core []: 0.000000 
(DTChi) Core Liquidus Depression []: 182.532804 
(CoreBuoyTherm) Core Thermal Buoyancy Flux []: 2.900137e-12 
(CoreBuoyCompo) Core Compositional Buoyancy Flux []: -nan 
(CoreBuoyTotal) Core Total Buoyancy Flux []: 2.900137e-12 
(GravICB) ICB Gravity []: 0.000000 
(MagMom) Core Magnetic Moment [EMAGMOM]: 1.409371 
(PresSWind) Stellar wind pressure at body []: 2.676100e-09 
(MagPauseRad) Magnetopause Radius []: 6.502665e+07 
(ViscJumpMan) Mantle Viscosity Ratio []: 2.850000 
(EruptEff) Mantle Melt Eruption Efficiency []: 0.100000 
(TrefLind) Core Liquidus Lindeman Reference []: 5650.000000 
(DynViscUMan) Upper Mantle's Dynamic Viscosity [kg*m^2/sec^2]: 4.195877e+19 
EMASS=5.974200e+24 EMASSMAN=4.002714e+24 ERMAN=6.371000e+06 ERCORE=3.481000e+06 EDMAN=2.890000e+06 EVOL=1.083207e+21 EVOLCORE=1.766854e+20 EVOLMAN=9.065215e+20
EDENS=5.515290e+03 EDENSMAN=4.415465e+03 EDENSCORE=1.082004e+04 EDENSOC=1.072173e+04 EDENSIC=1.300000e+04 STIFFNESS=1.000000e+13
THERMEXPANMAN=3.000000e-05 THERMCONDUMAN=4.200000e+00 THERMCONDLMAN=1.000000e+01 THERMDIFFUMAN=7.519385e-07 cube(EDMAN)=2.413757e+19
TrefLind=5.650000e+03 ViscRef=3.280199e+08 VISCJUMPMAN=2.700000e+00 
DTCHIREF=2.500000e+02 CHI_OC_E=1.800000e-01 PARTITION=3.507613e-01 CHI_IC_E=6.313703e-02 EMASSOC_CHI=2.449899e+23 EMASSIC_CHI=6.258395e+21 EMASSCORE_CHI=2.512483e+23
body.ViscMeltB=2.500000e+00 Delta=6.000000e+00 Gamma=6.000000e+00 Xi=5.000000e-04 Phis=8.000000e-01 
body.dFixMeltfactorUMan=0.000000 .dMeltfactorUMan=1.925879e+07 
body.dStagLid=1.000000 dManHFlowPref=1.000000 
body.dMagMomCoef=0.150000 body.dPresSWind=2.676100e-09 
Output Order: Time[Gyr] TUMan[K] TCMB[K] HflowSurf[TW] HflowCMB[TW] MeltMassFluxMan[kg/s] ViscUMan[m^2/s] RIC[km] MagMom[EMAGMOM]
Grid Output Order:



---- FINAL SYSTEM PROPERTIES ----
(Age) System Age [sec]: 1.420092e+17 
(Time) Simulation Time [Gyr]: 4.500000 
(TotAngMom) Total Angular Momentum [kg*m^2/sec]: 4.416946e+33 
(TotEnergy) Total Energy [kg*m^2/sec^2]: -nan 
(PotEnergy) Total Potential Energy [kg*m^2/sec^2]: -nan 
(KinEnergy) Total Kinetic Energy [kg*m^2/sec^2]: inf 
(DeltaTime) Average Timestep Over Last Output Interval [sec]: inf 
(LongP) Body's Longitude of pericenter [rad]: 3.926991 
(LXUVTot) Total XUV Luminosity [kg*m^2/sec^2/(m^2*sec)]: -1.000000 

----- BODY: test#test ----
Active Modules: RADHEAT THERMINT 
Module Bit Sum: 133
Color: 000000
(Mass) Mass [kg]: 5.972186e+24 
(Obliquity) Obliquity [rad]: 2.186276 
(PrecA) Body's precession angle [rad]: 3.926991 
(Xobl) Body's sin(obl)*cos(pA) []: -1.000000 
(Yobl) Body's sin(obl)*sin(pA) []: -1.000000 
(Zobl) Body's cos(obl) []: -1.000000 
(Radius) Radius [m]: 6.378100e+06 
(RotAngMom) Rotational Angular Momentum [kg*m^2/sec]: 4.416946e+33 
(RotKinEnergy) Rotational Energy [kg*m^2/sec^2]: 1.606047e+29 
(RotVel) Rotational Velocity [m/sec]: 463.828521 
(BodyType) Type of Body (0 == planet) []: -1.000000 
(RotRate) Rotational Frequency [/sec]: 7.272205e-05 
(RotPer) Rotational Period [sec]: 8.640000e+04 
(SurfEnFluxTotal) Total Surface Energy Flux [kg*m^2/sec^2/(m^2*sec)]: 0.058787 
(HEcc) Poincare's h (=e*sin(varpi) []: -1.000000 
(HZLimitDryRunaway) Semi-major axis of Dry Runaway HZ Limit [m]: 0.000000 
(KEcc) Poincare's k (=e*cos(varpi) []: -1.000000 
(Eccentricity) Orbital Eccentricity []: -1.000000 
(OrbEnergy) Orbital Energy [kg*m^2/sec^2]: -nan 
(MeanMotion) Orbital Mean Motion [/sec]: -1.000000 
(OrbPeriod) Orbital Period [sec]: -1.000000 
(SemiMajorAxis) Semi-major Axis [m]: -1.000000 
(OrbAngMom) Orbital Angular Momentum [kg*m^2/sec]: 0.000000 
(ArgP) Body's argument of pericenter [rad]: 0.000000 
(OrbKinEnergy) Orbital Kinetic Energy [kg*m^2/sec^2]: -1.000000 
(OrbPotEnergy) Orbital Potential Energy [kg*m^2/sec^2]: -1.000000 
(OrbEnergy) Orbital Energy [kg*m^2/sec^2]: -nan 
----- RADHEAT PARAMETERS (test#test)------
(26AlPowerMan) Total Power Generated by 26Al [kg*m^2/sec^3]: -0.000000 
(26AlPowerCore) Core Power Generated by 26Al [kg*m^2/sec^3]: -0.000000 
(26AlEnFlux) Surface Energy Flux from 26Al [kg*m^2/sec^2/(m^2*sec)]: 0.013445 
(D26AlPowerDt) Time Rate of Change of 26Al Power Generation []: -1.000000 
(D26AlNumManDt) Time Rate of Change of 26Al Heat Generation [/sec]: 0.000000 
(26AlMassMan) Mass of Mantle in 26Al [kg]: 0.000000 
(26AlMassCore) Mass of core in 26Al [kg]: 0.000000 
(26AlNumMan) Total Number of 26Al Atoms []: 0.000000 
(26AlNumCore) Total Core Number of 26Al Atoms []: 0.000000 
(26AlTimescale) Timescale for 26Al Power Generation []: -1.000000 
(40KPowerMan) Total Power Generated by 40K [kg*m^2/sec^3]: 2.775014e+12 
(40KPowerCore) Core Power Generated by 40K [kg*m^2/sec^3]: 2.929908e+12 
(40KEnFlux) Surface Energy Flux from 40K [kg*m^2/sec^2/(m^2*sec)]: 0.013445 
(D40KPowerDt) Time Rate of Change of 40K Power Generation []: -1.000000 
(D40KNumManDt) Time Rate of Change of 40K Heat Generation [/sec]: -1.300557e+25 
(40KMassMan) Total Mass of 40K [kg]: 4.936211e+16 
(40KMassCore) Total Core Mass of 40K [kg]: 5.211735e+16 
(40KNumMan) Total Number of 40K Atoms []: 7.438334e+41 
(40KNumCore) Total Core Number of 40K Atoms []: 7.853520e+41 
(40KTimescale) Timescale for 40K Power Generation []: -1.000000 
(40KPowerCrust) Crust Power Generated by 40K [kg*m^2/sec^3]: 1.168067e+12 
(40KMassCrust) Total Crust Mass of 40K [kg]: 2.077763e+16 
(40KNumCrust) Total Crust Number of 40K Atoms []: 3.130964e+41 
(232ThPowerMan) Total Power Generated by 232Th [kg*m^2/sec^3]: 4.740731e+12 
(232ThPowerCore) Total Power Generated by 232Th [kg*m^2/sec^3]: 3.946847e+10 
(232ThEnFlux) Surface Energy Flux from 232Th [kg*m^2/sec^2/(m^2*sec)]: 0.015347 
(D232ThNumManDt) Time Rate of Change of the number of 232Th nuclei [/sec]: -6.937378e+23 
(232ThMassMan) Total Mass of 232Th [kg]: 1.704116e+17 
(232ThMassCore) Total Mass of 232Th [kg]: 1.418744e+15 
(232ThNumMan) Total Number of 232Th Atoms []: 4.422741e+41 
(232ThNumCore) Total Number of 232Th Atoms []: 3.682107e+39 
(232ThTimescale) Timescale for 232Th Power Generation []: -1.000000 
(232ThPowerCrust) Total Power Generated by 232Th [kg*m^2/sec^3]: 3.065135e+12 
(232ThMassCrust) Total Mass of 232Th [kg]: 1.101801e+17 
(232ThNumCrust) Total Number of 232Th Atoms []: 2.859537e+41 
(238UPowerMan) Total Power Generated by 238U [kg*m^2/sec^3]: 5.287248e+12 
(238UPowerCore) Total Core Power Generated by 238U [kg*m^2/sec^3]: 3.568487e+10 
(238UEnFlux) Surface Energy Flux due to 238U [kg*m^2/sec^2/(m^2*sec)]: 0.015440 
(D238UNumManDt) Time Rate of Change of the Number of 238U Nuclei [/sec]: -6.383302e+23 
(238UMassMan) Total Mass of 238U [kg]: 5.136915e+16 
(238UMassCore) Total Core Mass of 238U [kg]: 3.467024e+14 
(238UNumMan) Total Number of 238U Atoms []: 1.299522e+41 
(238UNumCore) Total Core Number of 238U Atoms []: 8.770778e+38 
(238UTimescale) Timescale for 238U Power Generation []: -1.000000 
(238UPowerCrust) Total Crust Power Generated by 238U [kg*m^2/sec^3]: 2.569972e+12 
(238UMassCrust) Total Crust Mass of 238U [kg]: 2.496899e+16 
(238UNumCrust) Total Crust Number of 238U Atoms []: 6.316585e+40 
(235UPowerMan) Total Power Generated by 235U [kg*m^2/sec^3]: 2.189937e+11 
(235UPowerCore) Total Core Power Generated by 235U [kg*m^2/sec^3]: 1.714526e+09 
(235UEnFlux) Surface Energy Flux due to 235U [kg*m^2/sec^2/(m^2*sec)]: 0.000673 
(D235UNumManDt) Time Rate of Change of the Number of 235U Nuclei [/sec]: -3.340784e+22 
(235UMassMan) Total Mass of 235U [kg]: 4.006395e+14 
(235UMassCore) Total Core Mass of 235U [kg]: 3.136650e+12 
(235UNumMan) Total Number of 235U Atoms []: 1.026492e+39 
(235UNumCore) Total Core Number of 235U Atoms []: 8.036520e+36 
(235UTimescale) Timescale for 235U Power Generation []: -1.000000 
(235UPowerCrust) Total Crust Power Generated by 235U [kg*m^2/sec^3]: 1.234776e+11 
(235UMassCrust) Total Crust Mass of 235U [kg]: 2.258970e+14 
(235UNumCrust) Total Crust Number of 235U Atoms []: 5.787783e+38 
(RadPowerMan) Total Power Generated by Radiogenic Nuclides in the mantle [kg*m^2/sec^3]: 1.302199e+13 
(RadPowerCore) Total Power Generated by Radiogenic Nuclides in Core [kg*m^2/sec^3]: 3.006775e+12 
(RadPowerCrust) Total Power Generated by Radiogenic Nuclides in the crust [kg*m^2/sec^3]: 6.926651e+12 
(RadPowerTotal) Total Power Generated by Radiogenic Nuclides in Total (M+C) [kg*m^2/sec^3]: 2.295541e+13 
(SurfEnFluxRadTotal) Total Surface Heat Flux Generated by Radiogenic Nuclides [kg*m^2/sec^2/(m^2*sec)]: 0.044905 
----- THERMINT PARAMETERS (test#test)------
(TMan) Mantle Temperature []: 2354.330382 
(TUMan) Upper Mantle Temperature [K]: 1648.031267 
(TLMan) Lower Mantle Temperature []: 3060.629496 
(TCore) Core Temperature []: 5413.628995 
(TCMB) CMB Temperature [K]: 4330.903196 
(BLUMan) Boundary Layer Thickness Upper Mantle []: 9.771248e+04 
(BLLMan) Boundary Layer Thickness Lower Mantle []: 1.551947e+05 
(TJumpUMan) Upper Mantle Temperature Jump []: 1348.031267 
(TJumpLMan) Lower Mantle Temperature Jump []: 1270.273700 
(SignTJumpUMan) Sign of Upper Mantle Temperature Jump []: 1.000000 
(SignTJumpLMan) Sign of Lower Mantle Temperature Jump []: 1.000000 
(ViscUMan) Upper Mantle Viscosity [m^2/s]: 7.521972e+17 
(ViscLMan) Lower Mantle Viscosity [m^2/sec]: 3.013787e+18 
(ShmodUMan) Shear Modulus Upper Mantle []: 9.313801e+12 
(FMeltUMan) Melt Fraction Upper Mantle []: 0.126071 
(FMeltLMan) Melt Fraction Lower Mantle []: 0.000000 
(MeltfactorUMan) Melt Factor Upper Mantle []: 1.405758 
(MeltfactorLMan) Melt Factor Lower Mantle []: 1.000000 
(DepthMeltMan) Depth to base of UM Melt Region []: 1.762015e+05 
(TDepthMeltMan) Temp at base of UM Melt Region []: 1687.275800 
(TJumpMeltMan) Temp Jump across UM Melt Region []: 1299.175028 
(MeltMassFluxMan) Mantle Melt Mass Flux [kg/s]: 2.534591e+06 
(K2Man) Real Love Number k2 Mantle []: 0.000000 
(Imk2Man) Imaginary Love Number k2 Mantle []: 0.000000 
(ViscUManArr) Upper Mantle Arrhenius Viscosity [m^2/sec]: 1.057469e+18 
(RayleighMan) Mantle Rayleigh Number []: 3.519738e+06 
(ViscMMan) Average (mid) Mantle Viscosity [m^2/sec]: 7.521972e+18 
(TDotMan) Change in Mantle Temperature []: -7.372012e-16 
(TDotCore) Change in Core Temperature []: -5.888835e-15 
(HfluxUMan) Heat Flux Upper Mantle []: 0.057943 
(HflowUMan) Heat Flow Upper Mantle []: 2.955455e+13 
(HfluxLMan) Heat Flux Lower Mantle []: 0.081850 
(HflowLMan) Heat Flow Lower Mantle []: 1.246345e+13 
(HfluxCMB) Heat Flux Core-Mantle Boundary []: 0.081850 
(HflowCMB) Heat Flow Core-Mantle Boundary [TW]: 12.463449 
(HflowLatentMan) Latent Heat Flow Mantle []: 8.339969e+11 
(HflowMeltMan) Melt Heat Flow Mantle []: 4.976558e+11 
(HflowLatentIC) Latent Heat Release at ICB []: 0.000000 
(PowerGravIC) Gravitational Power Release at ICB []: 0.000000 
(HflowSurf) Heat Flow Surface Total [TW]: 30.052203 
(HflowSecMan) Mantle Secular Heat Flow []: 3.732769e+12 
(HfluxCMBAd) Adiabatic Heat Flux Core-Mantle Boundary []: 0.040609 
(HfluxCMBConv) Super-Adiabatic (convective) Heat Flux Core-Mantle Boundary []: 0.041241 
(RIC) Inner Core Radius [km]: 0.000000 
(DRICDTCMB) d(R_ic)/d(T_cmb) []: 0.000000 
(RICDot) Inner Core growth rate []: inf 
(ChiOC) Light Element Concentration in Outer Core []: 0.131424 
(ChiIC) Light Element Concentration in Inner Core []: 0.000000 
(ThermConductOC) Thermal Conductivity OC []: 108.272580 
(MassOC) Mass of Outer Core []: 1.911744e+24 
(MassIC) Mass of Inner Core []: 0.000000 
(MassChiOC) Mass of Chi in Outer Core []: 2.512483e+23 
(MassChiIC) Mass of Chi in Inner Core []: 0.000000 
(DTChi) Core Liquidus Depression []: 182.532804 
(CoreBuoyTherm) Core Thermal Buoyancy Flux []: 4.809831e-13 
(CoreBuoyCompo) Core Compositional Buoyancy Flux []: -nan 
(CoreBuoyTotal) Core Total Buoyancy Flux []: 4.809831e-13 
(GravICB) ICB Gravity []: 0.000000 
(MagMom) Core Magnetic Moment [EMAGMOM]: 0.774335 
(PresSWind) Stellar wind pressure at body []: 2.676100e-09 
(MagPauseRad) Magnetopause Radius []: 5.325896e+07 
(ViscJumpMan) Mantle Viscosity Ratio []: 2.850000 
(EruptEff) Mantle Melt Eruption Efficiency []: 0.100000 
(TrefLind) Core Liquidus Lindeman Reference []: 5650.000000 
(DynViscUMan) Upper Mantle's Dynamic Viscosity [kg*m^2/sec^2]: 3.321300e+21 
EMASS=5.974200e+24 EMASSMAN=4.002714e+24 ERMAN=6.371000e+06 ERCORE=3.481000e+06 EDMAN=2.890000e+06 EVOL=1.083207e+21 EVOLCORE=1.766854e+20 EVOLMAN=9.065215e+20
EDENS=5.515290e+03 EDENSMAN=4.415465e+03 EDENSCORE=1.082004e+04 EDENSOC=1.072173e+04 EDENSIC=1.300000e+04 STIFFNESS=1.000000e+13
THERMEXPANMAN=3.000000e-05 THERMCONDUMAN=4.200000e+00 THERMCONDLMAN=1.000000e+01 THERMDIFFUMAN=7.519385e-07 cube(EDMAN)=2.413757e+19
TrefLind=5.650000e+03 ViscRef=3.280199e+08 VISCJUMPMAN=2.700000e+00 
DTCHIREF=2.500000e+02 CHI_OC_E=1.800000e-01 PARTITION=3.507613e-01 CHI_IC_E=6.313703e-02 EMASSOC_CHI=2.449899e+23 EMASSIC_CHI=6.258395e+21 EMASSCORE_CHI=2.512483e+23
body.ViscMeltB=2.500000e+00 Delta=6.000000e+00 Gamma=6.000000e+00 Xi=5.000000e-04 Phis=8.000000e-01 
body.dFixMeltfactorUMan=0.000000 .dMeltfactorUMan=1.405758e+00 
body.dStagLid=1.000000 dManHFlowPref=1.000000 
body.dMagMomCoef=0.150000 body.dPresSWind=2.676100e-09 
Output Order: Time[Gyr] TUMan[K] TCMB[K] HflowSurf[TW] HflowCMB[TW] MeltMassFluxMan[kg/s] ViscUMan[m^2/s] RIC[km] MagMom[EMAGMOM]
Grid Output Order:

Runtime = 1.000000 s
