-------- Log file gl581.log -------

Executable: ../vplanet
System Name: gl581
Primary Input File: vpl.in
Body File #1: gl581.in
Body File #2: c.in
Body File #3: e.in
Allow files to be overwitten: Yes
Mass Units: Grams
Length Units: Centimeters
Time Units: Seconds
Angle Units: Radians

------- FORMATTING -----
Verbosity Level: 3
Crossover Decade for Scientific Notation: 4
Number of Digits After Decimal: 6
Integration Method: Runge-Kutta4
Direction: Forward
Time Step: 3.155760e+07
Stop Time: 3.155760e+15
Output Interval: 3.155760e+13
Use Variable Timestep: Yes
dEta: 0.100000
Minimum Value of ecc and obl: 1.000000e-10


---- INITIAL SYSTEM PROPERTIES ----
(Age) System Age [sec]: 0.000000 
(Time) Simulation Time [sec]: 0.000000 
(TotAngMom) Total Angular Momentum [kg*m^2/sec]: 1.782571e+41 
(TotEnergy) Total Energy [kg*m^2/sec^2]: -1.327410e+40 
(PotEnergy) Total Potential Energy [kg*m^2/sec^2]: -1.327423e+40 
(KinEnergy) Total Kinetic Energy [kg*m^2/sec^2]: 1.230347e+35 
(DeltaTime) Average Timestep Over Last Output Interval [sec]: 0.000000 

----- BODY: star ----
(Mass) Mass [kg]: 6.165652e+29 
(Obliquity) Obliquity [rad]: 0.000000 
(Radius) Radius [Solar]: 1.648402 
(RotAngMom) Rotational Angular Momentum [kg*m^2/sec]: 1.564099e+41 
(RotKinEnergy) Rotational Energy [kg*m^2/sec^2]: 6.037523e+34 
(RotVel) Rotational Velocity [m/sec]: 885.084828 
(RotRate) Rotational Frequency [/sec]: 7.720129e-07 
(RotPer) Rotational Period [sec]: 8.138705e+06 
(SurfEnFluxTotal) Total Surface Energy Flux [kg*m^2/sec^2/(m^2*sec)]: -0.000658 
(Eccentricity) Orbital Eccentricity []: -1.000000 
(OrbEnergy) Orbital Energy [kg*m^2/sec^2]: -6.265943e+34 
(MeanMotion) Orbital Mean Motion [/sec]: -1.000000 
(OrbPeriod) Orbital Period [sec]: -1.000000 
(SemiMajorAxis) Semi-major Axis [m]: -1.000000 
(OrbAngMom) Orbital Angular Momentum [kg*m^2/sec]: 2.184720e+40 
(OrbKinEnergy) Orbital Kinetic Energy [kg*m^2/sec^2]: -1.000000 
(OrbPotEnergy) Orbital Potential Energy [kg*m^2/sec^2]: -1.000000 
(OrbEnergy) Orbital Energy [kg*m^2/sec^2]: -6.265943e+34 
----- EQTIDE PARAMETERS (star)------
(BodyDsemiDtEqtide) Body's Contribution to dSemi/dt in EQTIDE [m/sec]: -1.000000 
(BodyDeccDt) Body's Contribution to dEcc/dt in EQTIDE [/sec]: -1.000000 
(DOblDtEqtide) Time Rate of Change of Obliquity in EQTIDE [rad/sec]: 0.000000 
(DRotPerDtEqtide) Time Rate of Change of Rotation Period in EQTIDE []: -2.171702e-15 
(DRotRateDtEqtide) Time Rate of Change of Rotational Frequency in EQTIDE [/sec^2]: 2.060011e-28 
(EqRotRateDiscrete) CPL2 Discrete Equilibrium Spin Rate [/sec]: 5.725818e-06 
(EqRotPerDiscrete) CPL2 Discrete Equilibrium Spin Period [sec]: 1.982822e+08 
(EqRotRateCont) CPL2 Continuous Equilibrium Spin Rate [/sec]: 5.921641e-06 
(EqRotPerCont) CPL2 Continuous Equilibrium Rotation Period [sec]: 1.982822e+08 
(EqRotPer) Equilibrium Rotation Period [sec]: 1.982822e+08 
(EqRotRate) Equilibrium Rotation Rate [/sec]: 5.725818e-06 
(GammaRot) Gamma_Rotation [cgs]: 0.000000 
(GammaOrb) Gamma_Orbital [cgs]: 0.000000 
(TidalQ) Tidal Q []: 1.000000e+06 
(TideLock) Tidally Locked? []: 0.000000 
(RotTimeEqtide) Timescale for Rotational Evolution in EQTIDE [sec]: 3.747616e+21 
(OblTimeEqtide) Timescale for Obliquity Evolution in EQTIDE [sec]: nan 
(PowerEqtide) Internal Power due to Tides in EQTIDE [kg*m^2/sec^3]: -5.436289e+15 
(SurfEnFluxEqtide) Surface Energy Flux due to Tides in EQTIDE [kg*m^2/sec^2/(m^2*sec)]: -0.000329 
Tidal Perturbers: c
----- STELLAR PARAMETERS (star)------
(Luminosity) Luminosity [LSUN]: 0.345180 
(LXUV) X-ray/XUV Luminosity [kg*m^2/sec^3]: 1.327561e+23 
Output Order: Time[year] Luminosity[LSUN] Radius[Solar]

----- BODY: c ----
(Mass) Mass [kg]: 3.285810e+25 
(Obliquity) Obliquity [rad]: 0.410152 
(Radius) Radius [m]: 9.567150e+06 
(RotAngMom) Rotational Angular Momentum [kg*m^2/sec]: 5.467814e+33 
(RotKinEnergy) Rotational Energy [kg*m^2/sec^2]: 1.988153e+28 
(RotVel) Rotational Velocity [m/sec]: 69.574278 
(RotRate) Rotational Frequency [/sec]: 7.272205e-06 
(RotPer) Rotational Period [sec]: 8.640000e+05 
(SurfEnFluxTotal) Total Surface Energy Flux [kg*m^2/sec^2/(m^2*sec)]: 11.548484 
(Eccentricity) Orbital Eccentricity []: 0.060000 
(OrbEnergy) Orbital Energy [kg*m^2/sec^2]: -6.265943e+34 
(MeanMotion) Orbital Mean Motion [/sec]: 5.725818e-06 
(OrbPeriod) Orbital Period [sec]: 1.097343e+06 
(SemiMajorAxis) Semi-major Axis [m]: 1.078602e+10 
(OrbAngMom) Orbital Angular Momentum [kg*m^2/sec]: 2.184720e+40 
(OrbKinEnergy) Orbital Kinetic Energy [kg*m^2/sec^2]: 6.265943e+34 
(OrbPotEnergy) Orbital Potential Energy [kg*m^2/sec^2]: -1.253189e+35 
(OrbEnergy) Orbital Energy [kg*m^2/sec^2]: -6.265943e+34 
----- EQTIDE PARAMETERS (c)------
(BodyDsemiDtEqtide) Body's Contribution to dSemi/dt in EQTIDE [m/sec]: -1.000000 
(BodyDeccDt) Body's Contribution to dEcc/dt in EQTIDE [/sec]: -1.000000 
(DOblDtEqtide) Time Rate of Change of Obliquity in EQTIDE [rad/sec]: -2.118505e-13 
(DRotPerDtEqtide) Time Rate of Change of Rotation Period in EQTIDE []: 7.159059e-07 
(DRotRateDtEqtide) Time Rate of Change of Rotational Frequency in EQTIDE [/sec^2]: -6.025711e-18 
(EqRotRateDiscrete) CPL2 Discrete Equilibrium Spin Rate [/sec]: 5.725818e-06 
(EqRotPerDiscrete) CPL2 Discrete Equilibrium Spin Period [sec]: 1.097343e+06 
(EqRotRateCont) CPL2 Continuous Equilibrium Spin Rate [/sec]: 5.921641e-06 
(EqRotPerCont) CPL2 Continuous Equilibrium Rotation Period [sec]: 1.061055e+06 
(EqRotPer) Equilibrium Rotation Period [sec]: 1.097343e+06 
(EqRotRate) Equilibrium Rotation Rate [/sec]: 5.725818e-06 
(GammaRot) Gamma_Rotation [cgs]: 3.119197 
(GammaOrb) Gamma_Orbital [cgs]: 2.382393 
(TidalQ) Tidal Q []: 100.000000 
(TideLock) Tidally Locked? []: 0.000000 
(RotTimeEqtide) Timescale for Rotational Evolution in EQTIDE [sec]: 1.206863e+12 
(OblTimeEqtide) Timescale for Obliquity Evolution in EQTIDE [sec]: 1.936047e+12 
(PowerEqtide) Internal Power due to Tides in EQTIDE [kg*m^2/sec^3]: 1.313383e+16 
(SurfEnFluxEqtide) Surface Energy Flux due to Tides in EQTIDE [kg*m^2/sec^2/(m^2*sec)]: 11.418695 
Tidal Perturbers: star
----- RADHEAT PARAMETERS (c)------
(40KPowerMan) Total Power Generated by 40K [kg*m^2/sec^3]: 4.684631e+13 
(40KPowerCore) Core Power Generated by 40K [kg*m^2/sec^3]: 1.140122e+13 
(40KEnFlux) Surface Energy Flux from 40K [kg*m^2/sec^2/(m^2*sec)]: 0.000000 
(D40KPowerDt) Time Rate of Change of 40K Power Generation []: -1.000000 
(D40KNumManDt) Time Rate of Change of 40K Heat Generation [/sec]: -2.195531e+26 
(40KMassMan) Total Mass of 40K [kg]: 8.284542e+17 
(40KMassCore) Total Core Mass of 40K [kg]: 2.016250e+17 
(40KNumMan) Total Number of 40K Atoms []: 1.248391e+43 
(40KNumCore) Total Core Number of 40K Atoms []: 3.038271e+42 
(40KTimescale) Timescale for 40K Power Generation []: -1.000000 
(232ThPowerMan) Total Power Generated by 232Th [kg*m^2/sec^3]: 5.846950e+12 
(232ThPowerCore) Total Power Generated by 232Th [kg*m^2/sec^3]: 2.846003e+10 
(232ThEnFlux) Surface Energy Flux from 232Th [kg*m^2/sec^2/(m^2*sec)]: 0.000000 
(D232ThNumManDt) Time Rate of Change of the number of 232Th nuclei [/sec]: -8.556170e+23 
(232ThMassMan) Total Mass of 232Th [kg]: 2.101773e+17 
(232ThMassCore) Total Mass of 232Th [kg]: 1.023038e+15 
(232ThNumMan) Total Number of 232Th Atoms []: 5.454791e+41 
(232ThNumCore) Total Number of 232Th Atoms []: 2.655120e+39 
(232ThTimescale) Timescale for 232Th Power Generation []: -1.000000 
(238UPowerMan) Total Power Generated by 238U [kg*m^2/sec^3]: 8.631414e+12 
(238UPowerCore) Total Core Power Generated by 238U [kg*m^2/sec^3]: 4.201341e+10 
(238UEnFlux) Surface Energy Flux due to 238U [kg*m^2/sec^2/(m^2*sec)]: 0.000000 
(D238UNumManDt) Time Rate of Change of the Number of 238U Nuclei [/sec]: -1.042072e+24 
(238UMassMan) Total Mass of 238U [kg]: 8.386652e+16 
(238UMassCore) Total Core Mass of 238U [kg]: 4.082202e+14 
(238UNumMan) Total Number of 238U Atoms []: 2.121631e+41 
(238UNumCore) Total Core Number of 238U Atoms []: 1.032704e+39 
(238UTimescale) Timescale for 238U Power Generation []: -1.000000 
(235UPowerMan) Total Power Generated by 235U [kg*m^2/sec^3]: 1.331703e+13 
(235UPowerCore) Total Core Power Generated by 235U [kg*m^2/sec^3]: 6.482064e+10 
(235UEnFlux) Surface Energy Flux due to 235U [kg*m^2/sec^2/(m^2*sec)]: 0.000000 
(D235UNumManDt) Time Rate of Change of the Number of 235U Nuclei [/sec]: -2.031534e+24 
(235UMassMan) Total Mass of 235U [kg]: 2.540329e+16 
(235UMassCore) Total Core Mass of 235U [kg]: 1.236505e+14 
(235UNumMan) Total Number of 235U Atoms []: 6.508663e+40 
(235UNumCore) Total Core Number of 235U Atoms []: 3.168092e+38 
(235UTimescale) Timescale for 235U Power Generation []: -1.000000 
(RadPowerMan) Total Power Generated by Radiogenic Nuclides in Mantle [kg*m^2/sec^3]: 7.464170e+13 
(RadPowerCore) Total Power Generated by Radiogenic Nuclides in Core [kg*m^2/sec^3]: 1.153651e+13 
(RadPowerTotal) Total Power Generated by Radiogenic Nuclides in Total (M+C) [kg*m^2/sec^3]: 8.617822e+13 
(SurfEnFluxRadheat) Total Power Generated by Radiogenic Nuclides [kg*m^2/sec^2/(m^2*sec)]: 0.064894 
----- ATMESC PARAMETERS (c)------
(SurfWaterMass) Surface Water Mass [TO]: 0.000000 
Output Order: Time[year] SemiMajorAxis[AU] SurfWaterMass[TO]

----- BODY: e ----
(Mass) Mass [kg]: 3.345552e+25 
(Obliquity) Obliquity [rad]: 0.410152 
(Radius) Radius [m]: 1.015394e+07 
(RotAngMom) Rotational Angular Momentum [kg*m^2/sec]: 6.271085e+34 
(RotKinEnergy) Rotational Energy [kg*m^2/sec^2]: 2.280231e+30 
(RotVel) Rotational Velocity [m/sec]: 738.415005 
(RotRate) Rotational Frequency [/sec]: 7.272205e-05 
(RotPer) Rotational Period [sec]: 8.640000e+04 
(SurfEnFluxTotal) Total Surface Energy Flux [kg*m^2/sec^2/(m^2*sec)]: 4.940656e-324 
(Eccentricity) Orbital Eccentricity []: 0.380000 
(OrbEnergy) Orbital Energy [kg*m^2/sec^2]: -6.265943e+34 
(MeanMotion) Orbital Mean Motion [/sec]: 1.085558e-06 
(OrbPeriod) Orbital Period [sec]: 5.787979e+06 
(SemiMajorAxis) Semi-major Axis [m]: 3.268268e+10 
(OrbAngMom) Orbital Angular Momentum [kg*m^2/sec]: 2.184720e+40 
(OrbKinEnergy) Orbital Kinetic Energy [kg*m^2/sec^2]: 2.105500e+34 
(OrbPotEnergy) Orbital Potential Energy [kg*m^2/sec^2]: -4.211000e+34 
(OrbEnergy) Orbital Energy [kg*m^2/sec^2]: -6.265943e+34 
----- ATMESC PARAMETERS (e)------
(SurfWaterMass) Surface Water Mass [TO]: 0.100000 
Output Order: Time[year] SemiMajorAxis[AU] SurfWaterMass[TO]



---- FINAL SYSTEM PROPERTIES ----
(Age) System Age [sec]: 3.155760e+15 
(Time) Simulation Time [sec]: 3.155760e+15 
(TotAngMom) Total Angular Momentum [kg*m^2/sec]: 2.849867e+40 
(TotEnergy) Total Energy [kg*m^2/sec^2]: -6.436550e+40 
(PotEnergy) Total Potential Energy [kg*m^2/sec^2]: -6.436557e+40 
(KinEnergy) Total Kinetic Energy [kg*m^2/sec^2]: 6.523441e+34 
(DeltaTime) Average Timestep Over Last Output Interval [sec]: inf 

----- BODY: star ----
(Mass) Mass [kg]: 6.165652e+29 
(Obliquity) Obliquity [rad]: 0.000000 
(Radius) Radius [Solar]: 0.339950 
(RotAngMom) Rotational Angular Momentum [kg*m^2/sec]: 6.652253e+39 
(RotKinEnergy) Rotational Energy [kg*m^2/sec^2]: 2.567813e+33 
(RotVel) Rotational Velocity [m/sec]: 182.531219 
(RotRate) Rotational Frequency [/sec]: 7.720129e-07 
(RotPer) Rotational Period [sec]: 8.138705e+06 
(SurfEnFluxTotal) Total Surface Energy Flux [kg*m^2/sec^2/(m^2*sec)]: -5.778707e-06 
(Eccentricity) Orbital Eccentricity []: -1.000000 
(OrbEnergy) Orbital Energy [kg*m^2/sec^2]: -6.266659e+34 
(MeanMotion) Orbital Mean Motion [/sec]: -1.000000 
(OrbPeriod) Orbital Period [sec]: -1.000000 
(SemiMajorAxis) Semi-major Axis [m]: -1.000000 
(OrbAngMom) Orbital Angular Momentum [kg*m^2/sec]: 2.184641e+40 
(OrbKinEnergy) Orbital Kinetic Energy [kg*m^2/sec^2]: -1.000000 
(OrbPotEnergy) Orbital Potential Energy [kg*m^2/sec^2]: -1.000000 
(OrbEnergy) Orbital Energy [kg*m^2/sec^2]: -6.266659e+34 
----- EQTIDE PARAMETERS (star)------
(BodyDsemiDtEqtide) Body's Contribution to dSemi/dt in EQTIDE [m/sec]: -1.000000 
(BodyDeccDt) Body's Contribution to dEcc/dt in EQTIDE [/sec]: -1.000000 
(DOblDtEqtide) Time Rate of Change of Obliquity in EQTIDE [rad/sec]: 0.000000 
(DRotPerDtEqtide) Time Rate of Change of Rotation Period in EQTIDE []: -1.905554e-17 
(DRotRateDtEqtide) Time Rate of Change of Rotational Frequency in EQTIDE [/sec^2]: 1.807551e-30 
(EqRotRateDiscrete) CPL2 Discrete Equilibrium Spin Rate [/sec]: 5.726798e-06 
(EqRotPerDiscrete) CPL2 Discrete Equilibrium Spin Period [sec]: 1.982822e+08 
(EqRotRateCont) CPL2 Continuous Equilibrium Spin Rate [/sec]: 5.920370e-06 
(EqRotPerCont) CPL2 Continuous Equilibrium Rotation Period [sec]: 1.982822e+08 
(EqRotPer) Equilibrium Rotation Period [sec]: 1.982822e+08 
(EqRotRate) Equilibrium Rotation Rate [/sec]: 5.726798e-06 
(GammaRot) Gamma_Rotation [cgs]: 0.000000 
(GammaOrb) Gamma_Orbital [cgs]: 0.000000 
(TidalQ) Tidal Q []: 1.000000e+06 
(TideLock) Tidally Locked? []: 0.000000 
(RotTimeEqtide) Timescale for Rotational Evolution in EQTIDE [sec]: 4.271044e+23 
(OblTimeEqtide) Timescale for Obliquity Evolution in EQTIDE [sec]: nan 
(PowerEqtide) Internal Power due to Tides in EQTIDE [kg*m^2/sec^3]: -2.029718e+12 
(SurfEnFluxEqtide) Surface Energy Flux due to Tides in EQTIDE [kg*m^2/sec^2/(m^2*sec)]: -2.889353e-06 
Tidal Perturbers: c
----- STELLAR PARAMETERS (star)------
(Luminosity) Luminosity [LSUN]: 0.014228 
(LXUV) X-ray/XUV Luminosity [kg*m^2/sec^3]: 5.472161e+21 
Output Order: Time[year] Luminosity[LSUN] Radius[Solar]

----- BODY: c ----
(Mass) Mass [kg]: 3.285810e+25 
(Obliquity) Obliquity [rad]: 0.000000 
(Radius) Radius [m]: 9.567150e+06 
(RotAngMom) Rotational Angular Momentum [kg*m^2/sec]: 4.305856e+33 
(RotKinEnergy) Rotational Energy [kg*m^2/sec^2]: 1.232939e+28 
(RotVel) Rotational Velocity [m/sec]: 54.789140 
(RotRate) Rotational Frequency [/sec]: 5.726798e-06 
(RotPer) Rotational Period [sec]: 1.097155e+06 
(SurfEnFluxTotal) Total Surface Energy Flux [kg*m^2/sec^2/(m^2*sec)]: 0.843899 
(Eccentricity) Orbital Eccentricity []: 0.059649 
(OrbEnergy) Orbital Energy [kg*m^2/sec^2]: -6.266659e+34 
(MeanMotion) Orbital Mean Motion [/sec]: 5.726798e-06 
(OrbPeriod) Orbital Period [sec]: 1.097155e+06 
(SemiMajorAxis) Semi-major Axis [m]: 1.078478e+10 
(OrbAngMom) Orbital Angular Momentum [kg*m^2/sec]: 2.184641e+40 
(OrbKinEnergy) Orbital Kinetic Energy [kg*m^2/sec^2]: 6.266659e+34 
(OrbPotEnergy) Orbital Potential Energy [kg*m^2/sec^2]: -1.253332e+35 
(OrbEnergy) Orbital Energy [kg*m^2/sec^2]: -6.266659e+34 
----- EQTIDE PARAMETERS (c)------
(BodyDsemiDtEqtide) Body's Contribution to dSemi/dt in EQTIDE [m/sec]: -1.000000 
(BodyDeccDt) Body's Contribution to dEcc/dt in EQTIDE [/sec]: -1.000000 
(DOblDtEqtide) Time Rate of Change of Obliquity in EQTIDE [rad/sec]: 0.000000 
(DRotPerDtEqtide) Time Rate of Change of Rotation Period in EQTIDE []: -1.518320e-06 
(DRotRateDtEqtide) Time Rate of Change of Rotational Frequency in EQTIDE [/sec^2]: 7.925143e-18 
(EqRotRateDiscrete) CPL2 Discrete Equilibrium Spin Rate [/sec]: 5.726798e-06 
(EqRotPerDiscrete) CPL2 Discrete Equilibrium Spin Period [sec]: 1.097155e+06 
(EqRotRateCont) CPL2 Continuous Equilibrium Spin Rate [/sec]: 5.920370e-06 
(EqRotPerCont) CPL2 Continuous Equilibrium Rotation Period [sec]: 1.061283e+06 
(EqRotPer) Equilibrium Rotation Period [sec]: 1.097155e+06 
(EqRotRate) Equilibrium Rotation Rate [/sec]: 5.726798e-06 
(GammaRot) Gamma_Rotation [cgs]: -4.099624 
(GammaOrb) Gamma_Orbital [cgs]: -4.199248 
(TidalQ) Tidal Q []: 100.000000 
(TideLock) Tidally Locked? []: 1.000000 
(RotTimeEqtide) Timescale for Rotational Evolution in EQTIDE [sec]: 7.226113e+11 
(OblTimeEqtide) Timescale for Obliquity Evolution in EQTIDE [sec]: nan 
(PowerEqtide) Internal Power due to Tides in EQTIDE [kg*m^2/sec^3]: 8.292532e+14 
(SurfEnFluxEqtide) Surface Energy Flux due to Tides in EQTIDE [kg*m^2/sec^2/(m^2*sec)]: 0.720962 
Tidal Perturbers: star
----- RADHEAT PARAMETERS (c)------
(40KPowerMan) Total Power Generated by 40K [kg*m^2/sec^3]: 4.431717e+13 
(40KPowerCore) Core Power Generated by 40K [kg*m^2/sec^3]: 1.078569e+13 
(40KEnFlux) Surface Energy Flux from 40K [kg*m^2/sec^2/(m^2*sec)]: 0.000000 
(D40KPowerDt) Time Rate of Change of 40K Power Generation []: -1.000000 
(D40KNumManDt) Time Rate of Change of 40K Heat Generation [/sec]: -2.076998e+26 
(40KMassMan) Total Mass of 40K [kg]: 7.837276e+17 
(40KMassCore) Total Core Mass of 40K [kg]: 1.907397e+17 
(40KNumMan) Total Number of 40K Atoms []: 1.180992e+43 
(40KNumCore) Total Core Number of 40K Atoms []: 2.874240e+42 
(40KTimescale) Timescale for 40K Power Generation []: -1.000000 
(232ThPowerMan) Total Power Generated by 232Th [kg*m^2/sec^3]: 5.818079e+12 
(232ThPowerCore) Total Power Generated by 232Th [kg*m^2/sec^3]: 2.831950e+10 
(232ThEnFlux) Surface Energy Flux from 232Th [kg*m^2/sec^2/(m^2*sec)]: 0.000000 
(D232ThNumManDt) Time Rate of Change of the number of 232Th nuclei [/sec]: -8.513921e+23 
(232ThMassMan) Total Mass of 232Th [kg]: 2.091395e+17 
(232ThMassCore) Total Mass of 232Th [kg]: 1.017986e+15 
(232ThNumMan) Total Number of 232Th Atoms []: 5.427857e+41 
(232ThNumCore) Total Number of 232Th Atoms []: 2.642009e+39 
(232ThTimescale) Timescale for 232Th Power Generation []: -1.000000 
(238UPowerMan) Total Power Generated by 238U [kg*m^2/sec^3]: 8.498659e+12 
(238UPowerCore) Total Core Power Generated by 238U [kg*m^2/sec^3]: 4.136722e+10 
(238UEnFlux) Surface Energy Flux due to 238U [kg*m^2/sec^2/(m^2*sec)]: 0.000000 
(D238UNumManDt) Time Rate of Change of the Number of 238U Nuclei [/sec]: -1.026044e+24 
(238UMassMan) Total Mass of 238U [kg]: 8.257661e+16 
(238UMassCore) Total Core Mass of 238U [kg]: 4.019416e+14 
(238UNumMan) Total Number of 238U Atoms []: 2.089000e+41 
(238UNumCore) Total Core Number of 238U Atoms []: 1.016821e+39 
(238UTimescale) Timescale for 238U Power Generation []: -1.000000 
(235UPowerMan) Total Power Generated by 235U [kg*m^2/sec^3]: 1.206783e+13 
(235UPowerCore) Total Core Power Generated by 235U [kg*m^2/sec^3]: 5.874018e+10 
(235UEnFlux) Surface Energy Flux due to 235U [kg*m^2/sec^2/(m^2*sec)]: 0.000000 
(D235UNumManDt) Time Rate of Change of the Number of 235U Nuclei [/sec]: -1.840967e+24 
(235UMassMan) Total Mass of 235U [kg]: 2.302035e+16 
(235UMassCore) Total Core Mass of 235U [kg]: 1.120515e+14 
(235UNumMan) Total Number of 235U Atoms []: 5.898122e+40 
(235UNumCore) Total Core Number of 235U Atoms []: 2.870911e+38 
(235UTimescale) Timescale for 235U Power Generation []: -1.000000 
(RadPowerMan) Total Power Generated by Radiogenic Nuclides in Mantle [kg*m^2/sec^3]: 7.070174e+13 
(RadPowerCore) Total Power Generated by Radiogenic Nuclides in Core [kg*m^2/sec^3]: 1.091412e+13 
(RadPowerTotal) Total Power Generated by Radiogenic Nuclides in Total (M+C) [kg*m^2/sec^3]: 8.161586e+13 
(SurfEnFluxRadheat) Total Power Generated by Radiogenic Nuclides [kg*m^2/sec^2/(m^2*sec)]: 0.061469 
----- ATMESC PARAMETERS (c)------
(SurfWaterMass) Surface Water Mass [TO]: 0.000000 
Output Order: Time[year] SemiMajorAxis[AU] SurfWaterMass[TO]

----- BODY: e ----
(Mass) Mass [kg]: 3.345552e+25 
(Obliquity) Obliquity [rad]: 0.410152 
(Radius) Radius [m]: 1.015394e+07 
(RotAngMom) Rotational Angular Momentum [kg*m^2/sec]: 6.271085e+34 
(RotKinEnergy) Rotational Energy [kg*m^2/sec^2]: 2.280231e+30 
(RotVel) Rotational Velocity [m/sec]: 738.415005 
(RotRate) Rotational Frequency [/sec]: 7.272205e-05 
(RotPer) Rotational Period [sec]: 8.640000e+04 
(SurfEnFluxTotal) Total Surface Energy Flux [kg*m^2/sec^2/(m^2*sec)]: 4.940656e-324 
(Eccentricity) Orbital Eccentricity []: 0.380000 
(OrbEnergy) Orbital Energy [kg*m^2/sec^2]: -6.266659e+34 
(MeanMotion) Orbital Mean Motion [/sec]: 1.085558e-06 
(OrbPeriod) Orbital Period [sec]: 5.787979e+06 
(SemiMajorAxis) Semi-major Axis [m]: 3.268268e+10 
(OrbAngMom) Orbital Angular Momentum [kg*m^2/sec]: 2.184641e+40 
(OrbKinEnergy) Orbital Kinetic Energy [kg*m^2/sec^2]: 2.105500e+34 
(OrbPotEnergy) Orbital Potential Energy [kg*m^2/sec^2]: -4.211000e+34 
(OrbEnergy) Orbital Energy [kg*m^2/sec^2]: -6.266659e+34 
----- ATMESC PARAMETERS (e)------
(SurfWaterMass) Surface Water Mass [TO]: 0.100000 
Output Order: Time[year] SemiMajorAxis[AU] SurfWaterMass[TO]
